<?xml version="1.0" encoding="UTF-8"?>
<coverage generated="1692902416500" clover="3.2.0">
  <project timestamp="1692902416500" name="All files">
    <metrics statements="6" coveredstatements="6" conditionals="0" coveredconditionals="0" methods="1" coveredmethods="1" elements="7" coveredelements="7" complexity="0" loc="6" ncloc="6" packages="1" files="1" classes="1"/>
    <file name="user.ts" path="/home/deivison_silva/projetos_estudos/typescript_clean_arch/src/domain/entities/user.ts">
      <metrics statements="6" coveredstatements="6" conditionals="0" coveredconditionals="0" methods="1" coveredmethods="1"/>
      <line num="1" count="1" type="stmt"/>
      <line num="9" count="2" type="stmt"/>
      <line num="10" count="2" type="stmt"/>
      <line num="11" count="2" type="stmt"/>
      <line num="12" count="2" type="stmt"/>
      <line num="13" count="2" type="stmt"/>
    </file>
  </project>
</coverage>
