{"/home/deivison_silva/projetos_estudos/typescript_clean_arch/src/domain/entities/user.ts": {"path":"/home/deivison_silva/projetos_estudos/typescript_clean_arch/src/domain/entities/user.ts","statementMap":{"0":{"start":{"line":9,"column":6},"end":{"line":9,"column":23}},"1":{"start":{"line":10,"column":6},"end":{"line":10,"column":25}},"2":{"start":{"line":11,"column":6},"end":{"line":11,"column":31}},"3":{"start":{"line":12,"column":6},"end":{"line":12,"column":35}},"4":{"start":{"line":13,"column":6},"end":{"line":13,"column":19}},"5":{"start":{"line":1,"column":0},"end":{"line":1,"column":13}}},"fnMap":{"0":{"name":"(anonymous_0)","decl":{"start":{"line":8,"column":2},"end":{"line":8,"column":14}},"loc":{"start":{"line":8,"column":90},"end":{"line":14,"column":3}}}},"branchMap":{},"s":{"0":2,"1":2,"2":2,"3":2,"4":2,"5":1},"f":{"0":2},"b":{}}
}
